C:\Users\Turbo\Desktop\logo tzakis.dwg,Model,3/11/2016 12:29:53 μμ,Turbo,DWG To PDF.pc3,ISO A4 (210.00 x 297.00 MM),1:4.6069,
C:\Users\Turbo\Documents\Drawing1.dwg,Model,3/11/2016 9:03:29 μμ,Turbo,DWG To PDF.pc3,ISO A4 (210.00 x 297.00 MM),1:0.0238223,
C:\Users\Turbo\Documents\Drawing1.dwg,Model,24/1/2017 2:09:36 πμ,Turbo,DWG To PDF.pc3,ISO A4 (210.00 x 297.00 MM),1:0.0600768,
C:\Users\Turbo\Desktop\push jewels.dwg,Model,24/1/2017 1:16:55 μμ,Turbo,DWG To PDF.pc3,ISO A4 (210.00 x 297.00 MM),1:0.0514745,
C:\Users\Turbo\Desktop\push jewels.dwg,Model,25/1/2017 1:30:50 μμ,Turbo,DWG To PDF.pc3,ISO A4 (210.00 x 297.00 MM),1:0.0704765,
C:\Users\Turbo\Desktop\kardies.dwg,Model,6/2/2017 5:34:22 μμ,Turbo,DWG To PDF.pc3,ISO A4 (210.00 x 297.00 MM),1:0.0456181,
C:\Users\Turbo\Documents\Drawing1.dwg,Model,11/2/2017 9:13:38 μμ,Turbo,Microsoft Print to PDF,A4,1:6.05133,
C:\Users\Turbo\Documents\Drawing1.dwg,Model,11/2/2017 9:28:19 μμ,Turbo,Microsoft Print to PDF,A4,1:5.90582,
C:\Users\Turbo\Documents\Drawing1.dwg,Model,14/2/2017 2:23:20 μμ,Turbo,Microsoft Print to PDF,A4,1:4.9429,
C:\Users\Turbo\Desktop\grafimakondig.dwg,Model,14/2/2017 3:05:36 μμ,Turbo,Microsoft Print to PDF,A4,1:4.9429,
C:\Users\Turbo\Desktop\grafimakondig.dwg,Model,14/2/2017 3:41:16 μμ,Turbo,Microsoft Print to PDF,A4,1:6.37195,
C:\Users\Turbo\Desktop\grafimakondig.dwg,Model,14/2/2017 6:46:02 μμ,Turbo,Microsoft Print to PDF,A4,1:30.0496,
C:\Users\Turbo\Desktop\ergasia_fylakto\kardies.dwg,Model,10/4/2017 9:16:41 μμ,Turbo,DWG To PDF.pc3,ISO full bleed A4 (210.00 x 297.00 MM),1:0.000269288,
C:\Users\Turbo\Desktop\lagonisi.dwg,Model,3/5/2017 1:10:31 πμ,Turbo,DWG To PDF.pc3,ISO full bleed A4 (210.00 x 297.00 MM),1:5.49108,
C:\Users\Turbo\Desktop\lagonisi.dwg,Model,3/5/2017 1:44:25 πμ,Turbo,DWG To PDF.pc3,ISO full bleed A4 (210.00 x 297.00 MM),1:5.10527,
C:\Users\Turbo\Desktop\banio lagonisi.dwg,Model,3/5/2017 1:30:50 μμ,Turbo,DWG To PDF.pc3,ISO full bleed A4 (210.00 x 297.00 MM),1:0.01396,
C:\Users\Turbo\Desktop\patterns.dwg,Model,23/5/2017 11:58:31 μμ,Turbo,DWG To PDF.pc3,ISO full bleed A4 (210.00 x 297.00 MM),1:8.40657,
C:\Users\Turbo\Desktop\patterns.dwg,Model,24/5/2017 1:26:42 μμ,Turbo,DWG To PDF.pc3,ISO full bleed A4 (210.00 x 297.00 MM),1:6.02562,
C:\Users\Turbo\Desktop\patterns_recover.dwg,Model,24/5/2017 8:58:53 μμ,Turbo,DWG To PDF.pc3,ISO full bleed A4 (210.00 x 297.00 MM),1:0.165618,
C:\Users\Turbo\Desktop\πατερνφιλλο.dwg,Model,25/5/2017 12:12:04 μμ,Turbo,DWG To PDF.pc3,ISO full bleed A4 (210.00 x 297.00 MM),1:0.157883,
C:\Users\Turbo\Desktop\πατερνφιλλο_recover.dwg,Model,25/5/2017 8:23:16 μμ,Turbo,DWG To PDF.pc3,ISO full bleed A4 (210.00 x 297.00 MM),1:0.161864,
C:\Users\Turbo\Documents\Drawing2.dwg,Model,27/5/2017 4:54:23 μμ,Turbo,DWG To PDF.pc3,ISO full bleed A4 (210.00 x 297.00 MM),1:0.165887,
C:\Users\Turbo\Desktop\patterns_recover.dwg,Model,30/5/2017 1:09:27 πμ,Turbo,DWG To PDF.pc3,ISO full bleed A4 (210.00 x 297.00 MM),1:0.159241,
C:\Users\Turbo\Desktop\patterns_recover.dwg,Model,30/5/2017 1:53:13 μμ,Turbo,DWG To PDF.pc3,ISO full bleed A4 (210.00 x 297.00 MM),1:0.174709,
C:\Users\Turbo\Desktop\sakoylew\sakoula popis.dwg,Model,2/6/2017 10:43:59 πμ,Turbo,DWG To PDF.pc3,ISO full bleed A4 (210.00 x 297.00 MM),1:0.151883,
C:\Users\Turbo\Desktop\sakoylew\sakoula popis.dwg,Model,7/6/2017 11:53:51 πμ,Turbo,DWG To PDF.pc3,ISO full bleed A4 (210.00 x 297.00 MM),1:0.158974,
C:\Users\Turbo\Desktop\sakoylew\sakoula popis_1_33_0041.sv$.dwg,Model,7/6/2017 3:33:06 μμ,Turbo,DWG To PDF.pc3,ISO full bleed A4 (210.00 x 297.00 MM),1:0.174047,
C:\Users\Turbo\Documents\Drawing1.dwg,Model,14/6/2017 12:39:12 πμ,Turbo,DWG To PDF.pc3,ISO full bleed A4 (210.00 x 297.00 MM),1:1.2408,
C:\Users\Turbo\Desktop\tsanta telikiiounis.dwg,Model,28/6/2017 12:44:52 μμ,Turbo,DWG To PDF.pc3,ISO full bleed A4 (210.00 x 297.00 MM),1:0.0834176,
C:\Users\Turbo\Desktop\tsanta telikiiounis.dwg,Model,29/6/2017 2:15:56 μμ,Turbo,DWG To PDF.pc3,ISO full bleed A4 (210.00 x 297.00 MM),10:1,
C:\Users\Turbo\Desktop\tsanta telikiiounis_recover.dwg,Model,29/6/2017 2:17:40 μμ,Turbo,DWG To PDF.pc3,ISO full bleed A4 (210.00 x 297.00 MM),10:1,
C:\Users\Turbo\Desktop\desktop 2017\Τzakis logo\logo tzakis.dwg,Model,30/6/2017 3:20:51 μμ,Turbo,DWG To PDF.pc3,ISO full bleed A4 (210.00 x 297.00 MM),1:10,
C:\Users\Turbo\Desktop\desktop 2017\Τzakis logo\logo tzakis.dwg,Model,4/7/2017 11:33:51 πμ,Turbo,DWG To PDF.pc3,ISO full bleed A4 (210.00 x 297.00 MM),1:10,
C:\Users\Turbo\Desktop\tsanta telikiiounis_recover.dwg,Model,6/7/2017 10:42:48 μμ,Turbo,DWG To PDF.pc3,ISO full bleed A4 (210.00 x 297.00 MM),10:1,
C:\Users\Turbo\Desktop\tsanta telikiiounis_recover.dwg,Model,16/7/2017 8:12:06 μμ,Turbo,DWG To PDF.pc3,ISO full bleed A4 (210.00 x 297.00 MM),10:1,
C:\Users\Turbo\Desktop\desktop 2017\Τzakis logo\logo tzakis.dwg,Model,17/7/2017 8:13:52 μμ,Turbo,DWG To PDF.pc3,ISO full bleed A4 (210.00 x 297.00 MM),1:10,
C:\Users\Turbo\Desktop\tsanta telikiiounis_recovernea makri1.dwg,Model,21/7/2017 12:45:44 πμ,Turbo,DWG To PDF.pc3,ISO full bleed A4 (210.00 x 297.00 MM),10:1,
C:\Users\Turbo\Desktop\tsanta telikiiounis_recovernea makri1_recover.dwg,Model,21/7/2017 12:54:43 πμ,Turbo,DWG To PDF.pc3,ISO full bleed A4 (210.00 x 297.00 MM),1:0.100762,
C:\Users\Turbo\Desktop\ektiposeis teliki sakoula iounis\telos\16_7\telos\teliko nea makri3.dwg,Model,21/7/2017 10:23:55 πμ,Turbo,DWG To PDF.pc3,ISO full bleed A4 (210.00 x 297.00 MM),10:1,
C:\Users\Turbo\Desktop\GIA TO SITE 2017\krinaki augoustos2017β.dwg,Model,4/9/2017 2:48:34 μμ,Turbo,DWG To PDF.pc3,ISO full bleed A4 (210.00 x 297.00 MM),1:0.74197,
C:\Users\Turbo\Desktop\σολονοσ πορτραιτ.dwg,Model,13/9/2017 6:43:27 μμ,Turbo,DWG To PDF.pc3,ISO A3 (420.00 x 297.00 MM),1:6.04842,
C:\Users\Turbo\Desktop\αντονας 2017 μεταπτυχιακο\σολονοσ πορτραιτ.dwg,Model,20/9/2017 2:33:55 μμ,Turbo,DWG To PDF.pc3,ISO A3 (420.00 x 297.00 MM),1:3.14779,
C:\Users\Turbo\Documents\Drawing1.dwg,Model,25/9/2017 7:33:51 μμ,Turbo,DWG To PDF.pc3,ISO A3 (420.00 x 297.00 MM),1:0.0200244,
C:\Users\Turbo\Desktop\αντονας 2017 μεταπτυχιακο\για τον αντονα.dwg,Model,26/9/2017 1:09:04 πμ,Turbo,DWG To PDF.pc3,ISO A4 (297.00 x 210.00 MM),1:0.0876465,
C:\Users\Turbo\Desktop\αντονας 2017 μεταπτυχιακο\για τον αντονα.dwg,Model,27/9/2017 3:27:47 μμ,Turbo,DWG To PDF.pc3,ISO A4 (297.00 x 210.00 MM),1:0.0831005,
C:\Users\Turbo\Documents\Drawing1.dwg,Model,27/9/2017 7:11:42 μμ,Turbo,DWG To PDF.pc3,ISO A4 (297.00 x 210.00 MM),1:3.73823,
C:\Users\Turbo\Desktop\αντονας 2017 μεταπτυχιακο\αντονας2ο μεροσ.dwg,Model,29/9/2017 1:18:30 πμ,Turbo,DWG To PDF.pc3,ISO A4 (297.00 x 210.00 MM),1:10.569,
C:\Users\Turbo\Desktop\αντονας 2017 μεταπτυχιακο\για τον αντονα.dwg,Model,29/9/2017 2:58:23 πμ,Turbo,DWG To PDF.pc3,ISO A4 (297.00 x 210.00 MM),1:0.168687,
C:\Users\Turbo\Desktop\αντονας 2017 μεταπτυχιακο\αντονας2ο μεροσ.dwg,Model,29/9/2017 11:18:27 μμ,Turbo,DWG To PDF.pc3,ISO A4 (297.00 x 210.00 MM),1:25.8264,
C:\Users\Turbo\Desktop\αντονας 2017 μεταπτυχιακο\περοθκα.dwg,Model,2/10/2017 6:57:04 μμ,Turbo,DWG To PDF.pc3,ISO A4 (297.00 x 210.00 MM),1:4.24282,
C:\Users\Turbo\Desktop\αντονας 2017 μεταπτυχιακο\ΓΑΖΟΖΕΝ.dwg,Model,3/10/2017 11:11:31 μμ,Turbo,DWG To PDF.pc3,ISO A4 (297.00 x 210.00 MM),1:0.22505,
C:\Users\Turbo\Desktop\αντονας 2017 μεταπτυχιακο\ΓΑΖΟΖΕΝ.dwg,Model,4/10/2017 12:22:54 μμ,Turbo,DWG To PDF.pc3,ISO A4 (297.00 x 210.00 MM),1:0.0860483,
C:\Users\Turbo\Desktop\αντονας 2017 μεταπτυχιακο\ΓΑΖΟΖΕΝ.dwg,Model,4/10/2017 12:25:56 μμ,Turbo,DWG To PDF.pc3,ISO A4 (297.00 x 210.00 MM),1:0.0860483,
C:\Users\Turbo\Documents\Drawing1.dwg,Model,8/10/2017 4:53:22 μμ,Turbo,DWG To PDF.pc3,ISO A4 (297.00 x 210.00 MM),1:6.65017,
C:\Users\Turbo\Documents\Drawing1.dwg,Model,8/10/2017 9:56:19 μμ,Turbo,DWG To PDF.pc3,ISO A4 (297.00 x 210.00 MM),1:1.41359,
C:\Users\Turbo\Desktop\ancient greece\τη καλη.dwg,Model,9/10/2017 1:36:34 πμ,Turbo,DWG To PDF.pc3,ISO A4 (297.00 x 210.00 MM),1:0.746546,
C:\Users\Turbo\Desktop\GIA TO SITE 2017\krinaki augoustos2017β.dwg,Model,9/10/2017 1:23:27 μμ,Turbo,DWG To PDF.pc3,ISO A4 (297.00 x 210.00 MM),1:1.5708,
C:\Users\Turbo\Desktop\ancient greece\τη καλη.dwg,Model,11/10/2017 12:22:34 μμ,Turbo,DWG To PDF.pc3,ISO A4 (297.00 x 210.00 MM),1:3.69461,
C:\Users\Turbo\Desktop\sakoyles\ektiposeis teliki sakoula iounis\telos\16_7\telos\teliko nea makri3.dwg,Model,23/10/2017 4:41:12 μμ,Turbo,DWG To PDF.pc3,ISO A4 (297.00 x 210.00 MM),1:0.0625916,
C:\Users\Turbo\Documents\Drawing1.dwg,Model,24/10/2017 1:46:26 μμ,Turbo,DWG To PDF.pc3,ISO A4 (297.00 x 210.00 MM),1:0.00671602,
C:\Users\Turbo\Desktop\kosmimata maios\kitrino daktilidi perigramma.dwg,Model,24/10/2017 8:30:16 μμ,Turbo,DWG To PDF.pc3,ISO A4 (297.00 x 210.00 MM),1:0.00671602,
C:\Users\Turbo\Desktop\ancient greece\antefix\akrokerama.dwg,Model,30/10/2017 2:44:14 μμ,Turbo,DWG To PDF.pc3,ISO A4 (297.00 x 210.00 MM),1:0.158542,
