0 info it worked if it ends with ok
1 verbose cli [ 'C:\\Program Files\\nodejs\\node.exe',
1 verbose cli   'C:\\Program Files\\nodejs\\node_modules\\npm\\bin\\npm-cli.js',
1 verbose cli   'start' ]
2 info using npm@3.10.10
3 info using node@v7.3.0
4 verbose run-script [ 'prestart', 'start', 'poststart' ]
5 info lifecycle seaspire@0.1.0~prestart: seaspire@0.1.0
6 silly lifecycle seaspire@0.1.0~prestart: no script for prestart, continuing
7 info lifecycle seaspire@0.1.0~start: seaspire@0.1.0
8 verbose lifecycle seaspire@0.1.0~start: unsafe-perm in lifecycle true
9 verbose lifecycle seaspire@0.1.0~start: PATH: C:\Program Files\nodejs\node_modules\npm\bin\node-gyp-bin;C:\Users\k-digo\seaspire\node_modules\.bin;C:\Program Files (x86)\AMD APP\bin\x86_64;C:\Program Files (x86)\AMD APP\bin\x86;C:\Windows\system32;C:\Windows;C:\Windows\System32\Wbem;C:\Windows\System32\WindowsPowerShell\v1.0\;C:\Program Files (x86)\ATI Technologies\ATI.ACE\Core-Static;C:\Program Files (x86)\MATLAB\MATLAB Production Server\R2015a\bin;C:\Program Files\nodejs\;C:\Program Files\OpenVPN\bin;C:\Program Files (x86)\OpenVPN\bin;C:\Program Files (x86)\Skype\Phone\;C:\Users\k-digo\AppData\Local\atom\bin;C:\Users\k-digo\AppData\Roaming\npm
10 verbose lifecycle seaspire@0.1.0~start: CWD: C:\Users\k-digo\seaspire
11 silly lifecycle seaspire@0.1.0~start: Args: [ '/d /s /c', 'webpack' ]
12 silly lifecycle seaspire@0.1.0~start: Returned: code: 2  signal: null
13 info lifecycle seaspire@0.1.0~start: Failed to exec start script
14 verbose stack Error: seaspire@0.1.0 start: `webpack`
14 verbose stack Exit status 2
14 verbose stack     at EventEmitter.<anonymous> (C:\Program Files\nodejs\node_modules\npm\lib\utils\lifecycle.js:255:16)
14 verbose stack     at emitTwo (events.js:106:13)
14 verbose stack     at EventEmitter.emit (events.js:191:7)
14 verbose stack     at ChildProcess.<anonymous> (C:\Program Files\nodejs\node_modules\npm\lib\utils\spawn.js:40:14)
14 verbose stack     at emitTwo (events.js:106:13)
14 verbose stack     at ChildProcess.emit (events.js:191:7)
14 verbose stack     at maybeClose (internal/child_process.js:885:16)
14 verbose stack     at Process.ChildProcess._handle.onexit (internal/child_process.js:226:5)
15 verbose pkgid seaspire@0.1.0
16 verbose cwd C:\Users\k-digo\seaspire
17 error Windows_NT 6.1.7601
18 error argv "C:\\Program Files\\nodejs\\node.exe" "C:\\Program Files\\nodejs\\node_modules\\npm\\bin\\npm-cli.js" "start"
19 error node v7.3.0
20 error npm  v3.10.10
21 error code ELIFECYCLE
22 error seaspire@0.1.0 start: `webpack`
22 error Exit status 2
23 error Failed at the seaspire@0.1.0 start script 'webpack'.
23 error Make sure you have the latest version of node.js and npm installed.
23 error If you do, this is most likely a problem with the seaspire package,
23 error not with npm itself.
23 error Tell the author that this fails on your system:
23 error     webpack
23 error You can get information on how to open an issue for this project with:
23 error     npm bugs seaspire
23 error Or if that isn't available, you can get their info via:
23 error     npm owner ls seaspire
23 error There is likely additional logging output above.
24 verbose exit [ 1, true ]
